<?xml version="1.0" encoding="UTF-8"?>
<!-- Generated by org.testng.reporters.JUnitReportReporter -->
<testsuite hostname="LTIN188526" failures="0" tests="5" name="TestCases.TC_005_ValidateAppsAndTools" time="199.108" errors="0" timestamp="2024-02-20T15:03:29 IST" skipped="0">
  <testcase classname="TestCases.TC_005_ValidateAppsAndTools" name="ValidateUser" time="10.511"/>
  <system-out/>
  <testcase classname="TestCases.TC_005_ValidateAppsAndTools" name="validateImageCountAndHeaders" time="4.501"/>
  <system-out/>
  <testcase classname="TestCases.TC_005_ValidateAppsAndTools" name="validateToolTip" time="8.741"/>
  <system-out/>
  <testcase classname="TestCases.TC_005_ValidateAppsAndTools" name="validateNewsItems" time="164.769"/>
  <system-out/>
  <testcase classname="TestCases.TC_005_ValidateAppsAndTools" name="validateAppsAndTools" time="10.586"/>
  <system-out/>
</testsuite> <!-- TestCases.TC_005_ValidateAppsAndTools -->
