<?xml version="1.0" encoding="UTF-8"?>
<!-- Generated by org.testng.reporters.JUnitReportReporter -->
<testsuite hostname="LTIN292975" failures="0" tests="2" name="TestCases.TC_002_ValidateImageAndHeaders" time="3.319" errors="0" timestamp="2024-01-12T10:44:22 IST" skipped="0">
  <testcase classname="TestCases.TC_002_ValidateImageAndHeaders" name="validateImageCountAndHeaders" time="0.610"/>
  <testcase classname="TestCases.TC_002_ValidateImageAndHeaders" name="ValidateUser" time="2.709"/>
</testsuite> <!-- TestCases.TC_002_ValidateImageAndHeaders -->
